You have triggered an unhandledRejection, you may have forgotten to catch a Promise rejection:
Error: Cannot find module '/Volumes/Workspace/toke/packages/api/dist/license/database/db.config' imported from /Volumes/Workspace/toke/packages/api/dist/app.js
    at finalizeResolution (node:internal/modules/esm/resolve:274:11)
    at moduleResolve (node:internal/modules/esm/resolve:864:10)
    at defaultResolve (node:internal/modules/esm/resolve:990:11)
    at ModuleLoader.#cachedDefaultResolve (node:internal/modules/esm/loader:735:20)
    at ModuleLoader.resolve (node:internal/modules/esm/loader:712:38)
    at ModuleLoader.getModuleJobForImport (node:internal/modules/esm/loader:310:38)
    at ModuleJob.#link (node:internal/modules/esm/module_job:208:49)
    at processTicksAndRejections (node:internal/process/task_queues:105:5)
You have triggered an unhandledRejection, you may have forgotten to catch a Promise rejection:
Error: Cannot find module '/Volumes/Workspace/toke/packages/api/dist/license/database/db.config' imported from /Volumes/Workspace/toke/packages/api/dist/app.js
    at finalizeResolution (node:internal/modules/esm/resolve:274:11)
    at moduleResolve (node:internal/modules/esm/resolve:864:10)
    at defaultResolve (node:internal/modules/esm/resolve:990:11)
    at ModuleLoader.#cachedDefaultResolve (node:internal/modules/esm/loader:735:20)
    at ModuleLoader.resolve (node:internal/modules/esm/loader:712:38)
    at ModuleLoader.getModuleJobForImport (node:internal/modules/esm/loader:310:38)
    at ModuleJob.#link (node:internal/modules/esm/module_job:208:49)
    at processTicksAndRejections (node:internal/process/task_queues:105:5)
You have triggered an unhandledRejection, you may have forgotten to catch a Promise rejection:
Error: Cannot find module '/Volumes/Workspace/toke/packages/api/dist/license/database/db.config' imported from /Volumes/Workspace/toke/packages/api/dist/app.js
    at finalizeResolution (node:internal/modules/esm/resolve:274:11)
    at moduleResolve (node:internal/modules/esm/resolve:864:10)
    at defaultResolve (node:internal/modules/esm/resolve:990:11)
    at ModuleLoader.#cachedDefaultResolve (node:internal/modules/esm/loader:735:20)
    at ModuleLoader.resolve (node:internal/modules/esm/loader:712:38)
    at ModuleLoader.getModuleJobForImport (node:internal/modules/esm/loader:310:38)
    at ModuleJob.#link (node:internal/modules/esm/module_job:208:49)
    at processTicksAndRejections (node:internal/process/task_queues:105:5)
You have triggered an unhandledRejection, you may have forgotten to catch a Promise rejection:
Error: Cannot find module '/Volumes/Workspace/toke/packages/api/dist/license/database/db.config' imported from /Volumes/Workspace/toke/packages/api/dist/app.js
    at finalizeResolution (node:internal/modules/esm/resolve:274:11)
    at moduleResolve (node:internal/modules/esm/resolve:864:10)
    at defaultResolve (node:internal/modules/esm/resolve:990:11)
    at ModuleLoader.#cachedDefaultResolve (node:internal/modules/esm/loader:735:20)
    at ModuleLoader.resolve (node:internal/modules/esm/loader:712:38)
    at ModuleLoader.getModuleJobForImport (node:internal/modules/esm/loader:310:38)
    at ModuleJob.#link (node:internal/modules/esm/module_job:208:49)
    at processTicksAndRejections (node:internal/process/task_queues:105:5)
